#-----------------------------------------------------------
# Vivado v2023.2.2 (64-bit)
# SW Build 4126759 on Thu Feb  8 23:53:51 MST 2024
# IP Build 4126054 on Fri Feb  9 11:39:09 MST 2024
# SharedData Build 4115275 on Tue Jan 30 00:40:57 MST 2024
# Start of session at: Mon Mar 11 00:14:44 2024
# Process ID: 1072
# Current directory: C:/zedboard_adrv9002_project/src_HDL
# Command line: vivado.exe -gui_launcher_event rodinguilauncherevent10400 C:\zedboard_adrv9002_project\src_HDL\adrv9001_zed.xpr
# Log file: C:/zedboard_adrv9002_project/src_HDL/vivado.log
# Journal file: C:/zedboard_adrv9002_project/src_HDL\vivado.jou
# Running On: ASUS_ROG, OS: Windows, CPU Frequency: 2304 MHz, CPU Physical cores: 4, Host memory: 17028 MB
#-----------------------------------------------------------
start_gui
open_project C:/zedboard_adrv9002_project/src_HDL/adrv9001_zed.xpr
WARNING: [Board 49-26] cannot add Board Part xilinx.com:ac701:part0:1.4 available at C:/Xilinx/Vivado/2023.2/data/xhub/boards/XilinxBoardStore/boards/Xilinx/ac701/1.4/board.xml as part xc7a200tfbg676-2 specified in board_part file is either invalid or not available
WARNING: [Board 49-26] cannot add Board Part xilinx.com:kc705:part0:1.6 available at C:/Xilinx/Vivado/2023.2/data/xhub/boards/XilinxBoardStore/boards/Xilinx/kc705/1.6/board.xml as part xc7k325tffg900-2 specified in board_part file is either invalid or not available
WARNING: [Board 49-26] cannot add Board Part xilinx.com:kcu105:part0:1.6 available at C:/Xilinx/Vivado/2023.2/data/xhub/boards/XilinxBoardStore/boards/Xilinx/kcu105/1.6/board.xml as part xcku040-ffva1156-2-e specified in board_part file is either invalid or not available
WARNING: [Board 49-26] cannot add Board Part xilinx.com:kcu105:part0:1.7 available at C:/Xilinx/Vivado/2023.2/data/xhub/boards/XilinxBoardStore/boards/Xilinx/kcu105/1.7/board.xml as part xcku040-ffva1156-2-e specified in board_part file is either invalid or not available
WARNING: [Board 49-26] cannot add Board Part xilinx.com:kcu116:part0:1.4 available at C:/Xilinx/Vivado/2023.2/data/xhub/boards/XilinxBoardStore/boards/Xilinx/kcu116/1.4/board.xml as part xcku5p-ffvb676-2-e specified in board_part file is either invalid or not available
WARNING: [Board 49-26] cannot add Board Part xilinx.com:kcu116:part0:1.5 available at C:/Xilinx/Vivado/2023.2/data/xhub/boards/XilinxBoardStore/boards/Xilinx/kcu116/1.5/board.xml as part xcku5p-ffvb676-2-e specified in board_part file is either invalid or not available
WARNING: [Board 49-26] cannot add Board Part xilinx.com:kcu1500:part0:1.2 available at C:/Xilinx/Vivado/2023.2/data/xhub/boards/XilinxBoardStore/boards/Xilinx/kcu1500/1.2/board.xml as part xcku115-flvb2104-2-e specified in board_part file is either invalid or not available
WARNING: [Board 49-26] cannot add Board Part xilinx.com:sp701:part0:1.0 available at C:/Xilinx/Vivado/2023.2/data/xhub/boards/XilinxBoardStore/boards/Xilinx/sp701/1.0/board.xml as part xc7s100fgga676-2 specified in board_part file is either invalid or not available
WARNING: [Board 49-26] cannot add Board Part xilinx.com:sp701:part0:1.1 available at C:/Xilinx/Vivado/2023.2/data/xhub/boards/XilinxBoardStore/boards/Xilinx/sp701/1.1/board.xml as part xc7s100fgga676-2 specified in board_part file is either invalid or not available
WARNING: [Board 49-26] cannot add Board Part xilinx.com:vc707:part0:1.4 available at C:/Xilinx/Vivado/2023.2/data/xhub/boards/XilinxBoardStore/boards/Xilinx/vc707/1.4/board.xml as part xc7vx485tffg1761-2 specified in board_part file is either invalid or not available
WARNING: [Board 49-26] cannot add Board Part xilinx.com:vc709:part0:1.8 available at C:/Xilinx/Vivado/2023.2/data/xhub/boards/XilinxBoardStore/boards/Xilinx/vc709/1.8/board.xml as part xc7vx690tffg1761-2 specified in board_part file is either invalid or not available
WARNING: [Board 49-26] cannot add Board Part xilinx.com:vck190:part0:2.2 available at C:/Xilinx/Vivado/2023.2/data/xhub/boards/XilinxBoardStore/boards/Xilinx/vck190/production/2.2/board.xml as part xcvc1902-vsva2197-2mp-e-s specified in board_part file is either invalid or not available
WARNING: [Board 49-26] cannot add Board Part xilinx.com:vck190:part0:3.0 available at C:/Xilinx/Vivado/2023.2/data/xhub/boards/XilinxBoardStore/boards/Xilinx/vck190/production/3.0/board.xml as part xcvc1902-vsva2197-2mp-e-s specified in board_part file is either invalid or not available
WARNING: [Board 49-26] cannot add Board Part xilinx.com:vck190:part0:3.1 available at C:/Xilinx/Vivado/2023.2/data/xhub/boards/XilinxBoardStore/boards/Xilinx/vck190/production/3.1/board.xml as part xcvc1902-vsva2197-2mp-e-s specified in board_part file is either invalid or not available
WARNING: [Board 49-26] cannot add Board Part xilinx.com:vck190:part0:3.2 available at C:/Xilinx/Vivado/2023.2/data/xhub/boards/XilinxBoardStore/boards/Xilinx/vck190/production/3.2/board.xml as part xcvc1902-vsva2197-2mp-e-s specified in board_part file is either invalid or not available
WARNING: [Board 49-26] cannot add Board Part xilinx.com:vck190_newl:part0:1.0 available at C:/Xilinx/Vivado/2023.2/data/xhub/boards/XilinxBoardStore/boards/Xilinx/vck190_newl/production/1.0/board.xml as part xcvc1902-vsva2197-2mp-e-s specified in board_part file is either invalid or not available
WARNING: [Board 49-26] cannot add Board Part xilinx.com:vck190_newl:part0:1.1 available at C:/Xilinx/Vivado/2023.2/data/xhub/boards/XilinxBoardStore/boards/Xilinx/vck190_newl/production/1.1/board.xml as part xcvc1902-vsva2197-2mp-e-s specified in board_part file is either invalid or not available
WARNING: [Board 49-26] cannot add Board Part xilinx.com:vcu108:part0:1.6 available at C:/Xilinx/Vivado/2023.2/data/xhub/boards/XilinxBoardStore/boards/Xilinx/vcu108/1.6/board.xml as part xcvu095-ffva2104-2-e specified in board_part file is either invalid or not available
WARNING: [Board 49-26] cannot add Board Part xilinx.com:vcu108:part0:1.7 available at C:/Xilinx/Vivado/2023.2/data/xhub/boards/XilinxBoardStore/boards/Xilinx/vcu108/1.7/board.xml as part xcvu095-ffva2104-2-e specified in board_part file is either invalid or not available
WARNING: [Board 49-26] cannot add Board Part xilinx.com:vcu110:part0:1.4 available at C:/Xilinx/Vivado/2023.2/data/xhub/boards/XilinxBoardStore/boards/Xilinx/vcu110/1.4/board.xml as part xcvu190-flgc2104-2-e specified in board_part file is either invalid or not available
WARNING: [Board 49-26] cannot add Board Part xilinx.com:vcu118:part0:2.0 available at C:/Xilinx/Vivado/2023.2/data/xhub/boards/XilinxBoardStore/boards/Xilinx/vcu118/2.0/board.xml as part xcvu9p-flga2104-2l-e specified in board_part file is either invalid or not available
WARNING: [Board 49-26] cannot add Board Part xilinx.com:vcu118:part0:2.3 available at C:/Xilinx/Vivado/2023.2/data/xhub/boards/XilinxBoardStore/boards/Xilinx/vcu118/2.3/board.xml as part xcvu9p-flga2104-2l-e specified in board_part file is either invalid or not available
WARNING: [Board 49-26] cannot add Board Part xilinx.com:vcu118:part0:2.4 available at C:/Xilinx/Vivado/2023.2/data/xhub/boards/XilinxBoardStore/boards/Xilinx/vcu118/2.4/board.xml as part xcvu9p-flga2104-2l-e specified in board_part file is either invalid or not available
WARNING: [Board 49-26] cannot add Board Part xilinx.com:vcu128:part0:1.0 available at C:/Xilinx/Vivado/2023.2/data/xhub/boards/XilinxBoardStore/boards/Xilinx/vcu128/production/1.0/board.xml as part xcvu37p-fsvh2892-2l-e specified in board_part file is either invalid or not available
WARNING: [Board 49-26] cannot add Board Part xilinx.com:vcu129:part0:1.0 available at C:/Xilinx/Vivado/2023.2/data/xhub/boards/XilinxBoardStore/boards/Xilinx/vcu129/production/1.0/board.xml as part xcvu29p-fsga2577-2l-e specified in board_part file is either invalid or not available
WARNING: [Board 49-26] cannot add Board Part xilinx.com:vcu1525:part0:1.3 available at C:/Xilinx/Vivado/2023.2/data/xhub/boards/XilinxBoardStore/boards/Xilinx/vcu1525/1.3/board.xml as part xcvu9p-fsgd2104-2l-e specified in board_part file is either invalid or not available
WARNING: [Board 49-26] cannot add Board Part xilinx.com:vek280:part0:1.0 available at C:/Xilinx/Vivado/2023.2/data/xhub/boards/XilinxBoardStore/boards/Xilinx/vek280/production/1.0/board.xml as part xcve2802-vsvh1760-2mp-e-s specified in board_part file is either invalid or not available
WARNING: [Board 49-26] cannot add Board Part xilinx.com:vek280_es:part0:1.0 available at C:/Xilinx/Vivado/2023.2/data/xhub/boards/XilinxBoardStore/boards/Xilinx/vek280/es/rev_a/1.0/board.xml as part xcve2802-vsvh1760-2lp-e-s-es1 specified in board_part file is either invalid or not available
WARNING: [Board 49-26] cannot add Board Part xilinx.com:vek280_es:part0:1.1 available at C:/Xilinx/Vivado/2023.2/data/xhub/boards/XilinxBoardStore/boards/Xilinx/vek280/es/rev_a/1.1/board.xml as part xcve2802-vsvh1760-2lp-e-s-es1 specified in board_part file is either invalid or not available
WARNING: [Board 49-26] cannot add Board Part xilinx.com:vek280_es_revb:part0:1.0 available at C:/Xilinx/Vivado/2023.2/data/xhub/boards/XilinxBoardStore/boards/Xilinx/vek280/es/rev_b/1.0/board.xml as part xcve2802-vsvh1760-2mp-e-s-es1 specified in board_part file is either invalid or not available
WARNING: [Board 49-26] cannot add Board Part xilinx.com:vek280_es_revb:part0:1.1 available at C:/Xilinx/Vivado/2023.2/data/xhub/boards/XilinxBoardStore/boards/Xilinx/vek280/es/rev_b/1.1/board.xml as part xcve2802-vsvh1760-2mp-e-s-es1 specified in board_part file is either invalid or not available
WARNING: [Board 49-26] cannot add Board Part xilinx.com:vermeo_t1_rfsoc:part0:1.0 available at C:/Xilinx/Vivado/2023.2/data/xhub/boards/XilinxBoardStore/boards/Xilinx/vermeo_t1_rfsoc/1.0/board.xml as part xczu21dr-ffvd1156-2l-e specified in board_part file is either invalid or not available
WARNING: [Board 49-26] cannot add Board Part xilinx.com:vhk158:part0:1.0 available at C:/Xilinx/Vivado/2023.2/data/xhub/boards/XilinxBoardStore/boards/Xilinx/vhk158/production/1.0/board.xml as part xcvh1582-vsva3697-2mp-e-s specified in board_part file is either invalid or not available
WARNING: [Board 49-26] cannot add Board Part xilinx.com:vhk158:part0:1.1 available at C:/Xilinx/Vivado/2023.2/data/xhub/boards/XilinxBoardStore/boards/Xilinx/vhk158/production/1.1/board.xml as part xcvh1582-vsva3697-2mp-e-s specified in board_part file is either invalid or not available
WARNING: [Board 49-26] cannot add Board Part xilinx.com:vhk158_es:part0:1.0 available at C:/Xilinx/Vivado/2023.2/data/xhub/boards/XilinxBoardStore/boards/Xilinx/vhk158/es/1.0/board.xml as part xcvh1582-vsva3697-2mp-e-s-es1 specified in board_part file is either invalid or not available
WARNING: [Board 49-26] cannot add Board Part xilinx.com:vhk158_es:part0:1.1 available at C:/Xilinx/Vivado/2023.2/data/xhub/boards/XilinxBoardStore/boards/Xilinx/vhk158/es/1.1/board.xml as part xcvh1582-vsva3697-2mp-e-s-es1 specified in board_part file is either invalid or not available
WARNING: [Board 49-26] cannot add Board Part xilinx.com:vmk180:part0:2.2 available at C:/Xilinx/Vivado/2023.2/data/xhub/boards/XilinxBoardStore/boards/Xilinx/vmk180/production/2.2/board.xml as part xcvm1802-vsva2197-2mp-e-s specified in board_part file is either invalid or not available
WARNING: [Board 49-26] cannot add Board Part xilinx.com:vmk180:part0:3.0 available at C:/Xilinx/Vivado/2023.2/data/xhub/boards/XilinxBoardStore/boards/Xilinx/vmk180/production/3.0/board.xml as part xcvm1802-vsva2197-2mp-e-s specified in board_part file is either invalid or not available
WARNING: [Board 49-26] cannot add Board Part xilinx.com:vmk180:part0:3.1 available at C:/Xilinx/Vivado/2023.2/data/xhub/boards/XilinxBoardStore/boards/Xilinx/vmk180/production/3.1/board.xml as part xcvm1802-vsva2197-2mp-e-s specified in board_part file is either invalid or not available
WARNING: [Board 49-26] cannot add Board Part xilinx.com:vmk180:part0:3.2 available at C:/Xilinx/Vivado/2023.2/data/xhub/boards/XilinxBoardStore/boards/Xilinx/vmk180/production/3.2/board.xml as part xcvm1802-vsva2197-2mp-e-s specified in board_part file is either invalid or not available
WARNING: [Board 49-26] cannot add Board Part xilinx.com:vmk180_newl:part0:1.0 available at C:/Xilinx/Vivado/2023.2/data/xhub/boards/XilinxBoardStore/boards/Xilinx/vmk180_newl/production/1.0/board.xml as part xcvm1802-vsva2197-2mp-e-s specified in board_part file is either invalid or not available
WARNING: [Board 49-26] cannot add Board Part xilinx.com:vmk180_newl:part0:1.1 available at C:/Xilinx/Vivado/2023.2/data/xhub/boards/XilinxBoardStore/boards/Xilinx/vmk180_newl/production/1.1/board.xml as part xcvm1802-vsva2197-2mp-e-s specified in board_part file is either invalid or not available
WARNING: [Board 49-26] cannot add Board Part xilinx.com:vpk120:part0:1.0 available at C:/Xilinx/Vivado/2023.2/data/xhub/boards/XilinxBoardStore/boards/Xilinx/vpk120/production/1.0/board.xml as part xcvp1202-vsva2785-2mp-e-s specified in board_part file is either invalid or not available
WARNING: [Board 49-26] cannot add Board Part xilinx.com:vpk120:part0:1.1 available at C:/Xilinx/Vivado/2023.2/data/xhub/boards/XilinxBoardStore/boards/Xilinx/vpk120/production/1.1/board.xml as part xcvp1202-vsva2785-2mp-e-s specified in board_part file is either invalid or not available
WARNING: [Board 49-26] cannot add Board Part xilinx.com:vpk120:part0:1.2 available at C:/Xilinx/Vivado/2023.2/data/xhub/boards/XilinxBoardStore/boards/Xilinx/vpk120/production/1.2/board.xml as part xcvp1202-vsva2785-2mp-e-s specified in board_part file is either invalid or not available
WARNING: [Board 49-26] cannot add Board Part xilinx.com:vpk180:part0:1.0 available at C:/Xilinx/Vivado/2023.2/data/xhub/boards/XilinxBoardStore/boards/Xilinx/vpk180/production/1.0/board.xml as part xcvp1802-lsvc4072-2mp-e-s specified in board_part file is either invalid or not available
WARNING: [Board 49-26] cannot add Board Part xilinx.com:vpk180:part0:1.1 available at C:/Xilinx/Vivado/2023.2/data/xhub/boards/XilinxBoardStore/boards/Xilinx/vpk180/production/1.1/board.xml as part xcvp1802-lsvc4072-2mp-e-s specified in board_part file is either invalid or not available
WARNING: [Board 49-26] cannot add Board Part xilinx.com:vpk180:part0:1.2 available at C:/Xilinx/Vivado/2023.2/data/xhub/boards/XilinxBoardStore/boards/Xilinx/vpk180/production/1.2/board.xml as part xcvp1802-lsvc4072-2mp-e-s specified in board_part file is either invalid or not available
WARNING: [Board 49-26] cannot add Board Part xilinx.com:zcu111:part0:1.2 available at C:/Xilinx/Vivado/2023.2/data/xhub/boards/XilinxBoardStore/boards/Xilinx/zcu111/1.2/board.xml as part xczu28dr-ffvg1517-2-e specified in board_part file is either invalid or not available
WARNING: [Board 49-26] cannot add Board Part xilinx.com:zcu111:part0:1.3 available at C:/Xilinx/Vivado/2023.2/data/xhub/boards/XilinxBoardStore/boards/Xilinx/zcu111/1.3/board.xml as part xczu28dr-ffvg1517-2-e specified in board_part file is either invalid or not available
WARNING: [Board 49-26] cannot add Board Part xilinx.com:zcu111:part0:1.4 available at C:/Xilinx/Vivado/2023.2/data/xhub/boards/XilinxBoardStore/boards/Xilinx/zcu111/1.4/board.xml as part xczu28dr-ffvg1517-2-e specified in board_part file is either invalid or not available
WARNING: [Board 49-26] cannot add Board Part xilinx.com:zcu1275:part0:1.0 available at C:/Xilinx/Vivado/2023.2/data/xhub/boards/XilinxBoardStore/boards/Xilinx/zcu1275/1.0/board.xml as part xczu29dr-ffvf1760-2-e specified in board_part file is either invalid or not available
WARNING: [Board 49-26] cannot add Board Part xilinx.com:zcu1285:part0:1.0 available at C:/Xilinx/Vivado/2023.2/data/xhub/boards/XilinxBoardStore/boards/Xilinx/zcu1285/1.0/board.xml as part xczu39dr-ffvf1760-2-i specified in board_part file is either invalid or not available
WARNING: [Board 49-26] cannot add Board Part xilinx.com:zcu208:part0:2.0 available at C:/Xilinx/Vivado/2023.2/data/xhub/boards/XilinxBoardStore/boards/Xilinx/zcu208/production/2.0/board.xml as part xczu48dr-fsvg1517-2-e specified in board_part file is either invalid or not available
WARNING: [Board 49-26] cannot add Board Part xilinx.com:zcu208ld:part0:2.0 available at C:/Xilinx/Vivado/2023.2/data/xhub/boards/XilinxBoardStore/boards/Xilinx/zcu208ld/production/2.0/board.xml as part xczu58dr-fsvg1517-2-i specified in board_part file is either invalid or not available
WARNING: [Board 49-26] cannot add Board Part xilinx.com:zcu216:part0:2.0 available at C:/Xilinx/Vivado/2023.2/data/xhub/boards/XilinxBoardStore/boards/Xilinx/zcu216/production/2.0/board.xml as part xczu49dr-ffvf1760-2-e specified in board_part file is either invalid or not available
WARNING: [Board 49-26] cannot add Board Part xilinx.com:zcu216ld:part0:2.0 available at C:/Xilinx/Vivado/2023.2/data/xhub/boards/XilinxBoardStore/boards/Xilinx/zcu216ld/production/2.0/board.xml as part xczu59dr-ffvf1760-2-i specified in board_part file is either invalid or not available
WARNING: [Board 49-26] cannot add Board Part xilinx.com:zcu670:part0:2.0 available at C:/Xilinx/Vivado/2023.2/data/xhub/boards/XilinxBoardStore/boards/Xilinx/zcu670/2.0/board.xml as part xczu67dr-fsve1156-2-i specified in board_part file is either invalid or not available
WARNING: [Board 49-26] cannot add Board Part xilinx.com:zcu670ld:part0:1.0 available at C:/Xilinx/Vivado/2023.2/data/xhub/boards/XilinxBoardStore/boards/Xilinx/zcu670ld/1.0/board.xml as part xczu57dr-fsve1156-2-i specified in board_part file is either invalid or not available
INFO: [Project 1-313] Project file moved from 'C:/zedboard_adrv9002_project/adi_hdl_2022_r2/projects/adrv9001/zed' since last save.
INFO: [filemgmt 56-1] IP Repository Path: Directory not found as 'C:/../library'; using path 'C:/zedboard_adrv9002_project/adi_hdl_2022_r2/library' instead.
WARNING: [Project 1-312] File not found as 'C:/../library/common/ad_iobuf.v'; using path 'C:/zedboard_adrv9002_project/adi_hdl_2022_r2/library/common/ad_iobuf.v' instead.
WARNING: [Project 1-312] File not found as 'C:/common/zed/zed_system_constr.xdc'; using path 'C:/zedboard_adrv9002_project/adi_hdl_2022_r2/projects/common/zed/zed_system_constr.xdc' instead.
Scanning sources...
Finished scanning sources
WARNING: [Project 1-509] GeneratedRun file for 'synth_1' not found
WARNING: [Project 1-509] GeneratedRun file for 'system_sys_ps7_0_synth_1' not found
WARNING: [Project 1-509] GeneratedRun file for 'system_axi_iic_main_0_synth_1' not found
WARNING: [Project 1-509] GeneratedRun file for 'system_sys_i2c_mixer_0_synth_1' not found
WARNING: [Project 1-509] GeneratedRun file for 'system_sys_rstgen_0_synth_1' not found
WARNING: [Project 1-509] GeneratedRun file for 'system_sys_200m_rstgen_0_synth_1' not found
WARNING: [Project 1-509] GeneratedRun file for 'system_sys_logic_inv_0_synth_1' not found
WARNING: [Project 1-509] GeneratedRun file for 'system_axi_hdmi_clkgen_0_synth_1' not found
WARNING: [Project 1-509] GeneratedRun file for 'system_axi_hdmi_core_0_synth_1' not found
WARNING: [Project 1-509] GeneratedRun file for 'system_axi_hdmi_dma_0_synth_1' not found
WARNING: [Project 1-509] GeneratedRun file for 'system_sys_audio_clkgen_0_synth_1' not found
WARNING: [Project 1-509] GeneratedRun file for 'system_axi_spdif_tx_core_0_synth_1' not found
WARNING: [Project 1-509] GeneratedRun file for 'system_axi_i2s_adi_0_synth_1' not found
WARNING: [Project 1-509] GeneratedRun file for 'system_axi_iic_fmc_0_synth_1' not found
WARNING: [Project 1-509] GeneratedRun file for 'system_axi_sysid_0_0_synth_1' not found
WARNING: [Project 1-509] GeneratedRun file for 'system_rom_sys_0_0_synth_1' not found
WARNING: [Project 1-509] GeneratedRun file for 'system_xbar_0_synth_1' not found
WARNING: [Project 1-509] GeneratedRun file for 'system_axi_hp0_interconnect_0_synth_1' not found
WARNING: [Project 1-509] GeneratedRun file for 'system_axi_adrv9001_0_synth_1' not found
WARNING: [Project 1-509] GeneratedRun file for 'system_axi_adrv9001_rx1_dma_0_synth_1' not found
WARNING: [Project 1-509] GeneratedRun file for 'system_util_adc_1_pack_0_synth_1' not found
WARNING: [Project 1-509] GeneratedRun file for 'system_axi_adrv9001_rx2_dma_0_synth_1' not found
WARNING: [Project 1-509] GeneratedRun file for 'system_util_adc_2_pack_0_synth_1' not found
WARNING: [Project 1-509] GeneratedRun file for 'system_axi_adrv9001_tx1_dma_0_synth_1' not found
WARNING: [Project 1-509] GeneratedRun file for 'system_util_dac_1_upack_0_synth_1' not found
WARNING: [Project 1-509] GeneratedRun file for 'system_axi_adrv9001_tx2_dma_0_synth_1' not found
WARNING: [Project 1-509] GeneratedRun file for 'system_util_dac_2_upack_0_synth_1' not found
WARNING: [Project 1-509] GeneratedRun file for 'system_axi_hp1_interconnect_0_synth_1' not found
WARNING: [Project 1-509] GeneratedRun file for 'system_auto_pc_0_synth_1' not found
WARNING: [Project 1-509] GeneratedRun file for 'impl_1' not found
INFO: [IP_Flow 19-234] Refreshing IP repositories
INFO: [IP_Flow 19-1700] Loaded user IP repository 'c:/zedboard_adrv9002_project/adi_hdl_2022_r2/library'.
INFO: [IP_Flow 19-2313] Loaded Vivado IP repository 'C:/Xilinx/Vivado/2023.2/data/ip'.
WARNING: [BD 41-1661] One or more IPs have been locked in the design 'system.bd'. Please run report_ip_status for more details and recommendations on how to fix this issue.
List of locked IPs:
system_axi_iic_main_0
system_sys_concat_intc_0
system_sys_rstgen_0
system_GND_1_0
system_sys_200m_rstgen_0
system_sys_logic_inv_0
system_sys_audio_clkgen_0
system_xbar_0
system_axi_iic_fmc_0
system_auto_pc_0
system_axi_hp0_interconnect_0
system_axi_cpu_interconnect_0
system_axi_hp1_interconnect_0

INFO: [Project 1-230] Project 'adrv9001_zed.xpr' upgraded for this version of Vivado.
open_project: Time (s): cpu = 00:00:16 ; elapsed = 00:00:23 . Memory (MB): peak = 1564.438 ; gain = 422.012
update_compile_order -fileset sources_1
report_ip_status -name ip_status 
upgrade_ip [get_ips  {system_axi_iic_main_0 system_sys_concat_intc_0 system_sys_rstgen_0 system_axi_cpu_interconnect_0 system_GND_1_0 system_axi_hp0_interconnect_0 system_sys_200m_rstgen_0 system_sys_logic_inv_0 system_sys_audio_clkgen_0 system_axi_hp1_interconnect_0 system_axi_iic_fmc_0}] -log ip_upgrade.log
Reading block design file <C:/zedboard_adrv9002_project/src_HDL/adrv9001_zed.srcs/sources_1/bd/system/system.bd>...
Adding component instance block -- xilinx.com:ip:processing_system7:5.5 - sys_ps7
Adding component instance block -- xilinx.com:ip:axi_iic:2.1 - axi_iic_main
Adding component instance block -- analog.com:user:util_i2c_mixer:1.0 - sys_i2c_mixer
Adding component instance block -- xilinx.com:ip:xlconcat:2.1 - sys_concat_intc
Adding component instance block -- xilinx.com:ip:proc_sys_reset:5.0 - sys_rstgen
Adding component instance block -- xilinx.com:ip:proc_sys_reset:5.0 - sys_200m_rstgen
Adding component instance block -- xilinx.com:ip:util_vector_logic:2.0 - sys_logic_inv
Adding component instance block -- analog.com:user:axi_clkgen:1.0 - axi_hdmi_clkgen
Adding component instance block -- analog.com:user:axi_hdmi_tx:1.0 - axi_hdmi_core
Adding component instance block -- analog.com:user:axi_dmac:1.0 - axi_hdmi_dma
Adding component instance block -- xilinx.com:ip:clk_wiz:6.0 - sys_audio_clkgen
Adding component instance block -- analog.com:user:axi_spdif_tx:1.0 - axi_spdif_tx_core
Adding component instance block -- analog.com:user:axi_i2s_adi:1.0 - axi_i2s_adi
Adding component instance block -- xilinx.com:ip:axi_iic:2.1 - axi_iic_fmc
Adding component instance block -- analog.com:user:axi_sysid:1.0 - axi_sysid_0
Adding component instance block -- analog.com:user:sysid_rom:1.0 - rom_sys_0
Adding component instance block -- xilinx.com:ip:xlconstant:1.1 - GND_1
Adding component instance block -- xilinx.com:ip:axi_interconnect:2.1 - axi_cpu_interconnect
Adding component instance block -- xilinx.com:ip:axi_crossbar:2.1 - xbar
Adding component instance block -- xilinx.com:ip:axi_protocol_converter:2.1 - auto_pc
Adding component instance block -- xilinx.com:ip:smartconnect:1.0 - axi_hp0_interconnect
Adding component instance block -- analog.com:user:axi_adrv9001:1.0 - axi_adrv9001
Adding component instance block -- analog.com:user:axi_dmac:1.0 - axi_adrv9001_rx1_dma
Adding component instance block -- analog.com:user:util_cpack2:1.0 - util_adc_1_pack
Adding component instance block -- analog.com:user:axi_dmac:1.0 - axi_adrv9001_rx2_dma
Adding component instance block -- analog.com:user:util_cpack2:1.0 - util_adc_2_pack
Adding component instance block -- analog.com:user:axi_dmac:1.0 - axi_adrv9001_tx1_dma
Adding component instance block -- analog.com:user:util_upack2:1.0 - util_dac_1_upack
Adding component instance block -- analog.com:user:axi_dmac:1.0 - axi_adrv9001_tx2_dma
Adding component instance block -- analog.com:user:util_upack2:1.0 - util_dac_2_upack
Adding component instance block -- xilinx.com:ip:smartconnect:1.0 - axi_hp1_interconnect
Successfully read diagram <system> from block design file <C:/zedboard_adrv9002_project/src_HDL/adrv9001_zed.srcs/sources_1/bd/system/system.bd>
Upgrading 'C:/zedboard_adrv9002_project/src_HDL/adrv9001_zed.srcs/sources_1/bd/system/system.bd'
INFO: [IP_Flow 19-3422] Upgraded system_GND_1_0 (Constant 1.1) from revision 7 to revision 8
INFO: [IP_Flow 19-3422] Upgraded system_axi_cpu_interconnect_0 (AXI Interconnect 2.1) from revision 28 to revision 31
INFO: [IP_Flow 19-3422] Upgraded system_axi_hp0_interconnect_0 (AXI SmartConnect 1.0) from revision 19 to revision 22
INFO: [IP_Flow 19-3422] Upgraded system_axi_hp1_interconnect_0 (AXI SmartConnect 1.0) from revision 19 to revision 22
INFO: [IP_Flow 19-3422] Upgraded system_axi_iic_fmc_0 (AXI IIC 2.1) from revision 3 to revision 6
INFO: [IP_Flow 19-3422] Upgraded system_axi_iic_main_0 (AXI IIC 2.1) from revision 3 to revision 6
INFO: [IP_Flow 19-3422] Upgraded system_sys_200m_rstgen_0 (Processor System Reset 5.0) from revision 13 to revision 14
INFO: [Device 21-403] Loading part xc7z020clg484-1
INFO: [IP_Flow 19-3422] Upgraded system_sys_audio_clkgen_0 (Clocking Wizard 6.0) from revision 11 to revision 13
INFO: [IP_Flow 19-3422] Upgraded system_sys_concat_intc_0 (Concat 2.1) from revision 4 to revision 5
INFO: [IP_Flow 19-3422] Upgraded system_sys_logic_inv_0 (Utility Vector Logic 2.0) from revision 2 to revision 3
INFO: [IP_Flow 19-3422] Upgraded system_sys_rstgen_0 (Processor System Reset 5.0) from revision 13 to revision 14
Wrote  : <C:\zedboard_adrv9002_project\src_HDL\adrv9001_zed.srcs\sources_1\bd\system\system.bd> 
Wrote  : <C:/zedboard_adrv9002_project/src_HDL/adrv9001_zed.srcs/sources_1/bd/system/ui/bd_c954508f.ui> 
INFO: [Coretcl 2-1525] Wrote upgrade log to 'C:/zedboard_adrv9002_project/src_HDL/ip_upgrade.log'.
upgrade_ip: Time (s): cpu = 00:00:12 ; elapsed = 00:00:25 . Memory (MB): peak = 2103.062 ; gain = 515.730
export_ip_user_files -of_objects [get_ips {system_axi_iic_main_0 system_sys_concat_intc_0 system_sys_rstgen_0 system_axi_cpu_interconnect_0 system_GND_1_0 system_axi_hp0_interconnect_0 system_sys_200m_rstgen_0 system_sys_logic_inv_0 system_sys_audio_clkgen_0 system_axi_hp1_interconnect_0 system_axi_iic_fmc_0}] -no_script -sync -force -quiet
generate_target all [get_files  C:/zedboard_adrv9002_project/src_HDL/adrv9001_zed.srcs/sources_1/bd/system/system.bd]
WARNING: [#UNDEF] When using EMIO pins for SPI_0 tie SSIN High in the PL bitstream
WARNING: [#UNDEF] When using EMIO pins for SPI_1 tie SSIN High in the PL bitstream
INFO: [BD 5-943] Reserving offset range <0x0000_0000 [ 512M ]> from slave interface '/axi_hp0_interconnect/S00_AXI' to master interface '/axi_hp0_interconnect/M00_AXI'. This will be used by smartconnect on path for routing.
INFO: [xilinx.com:ip:smartconnect:1.0-1] system_axi_hp0_interconnect_0: SmartConnect system_axi_hp0_interconnect_0 is in High-performance Mode.
INFO: [BD 5-943] Reserving offset range <0x0000_0000 [ 512M ]> from slave interface '/axi_hp1_interconnect/S00_AXI' to master interface '/axi_hp1_interconnect/M00_AXI'. This will be used by smartconnect on path for routing.
INFO: [BD 5-943] Reserving offset range <0x0000_0000 [ 512M ]> from slave interface '/axi_hp1_interconnect/S01_AXI' to master interface '/axi_hp1_interconnect/M00_AXI'. This will be used by smartconnect on path for routing.
INFO: [BD 5-943] Reserving offset range <0x0000_0000 [ 512M ]> from slave interface '/axi_hp1_interconnect/S02_AXI' to master interface '/axi_hp1_interconnect/M00_AXI'. This will be used by smartconnect on path for routing.
INFO: [BD 5-943] Reserving offset range <0x0000_0000 [ 512M ]> from slave interface '/axi_hp1_interconnect/S03_AXI' to master interface '/axi_hp1_interconnect/M00_AXI'. This will be used by smartconnect on path for routing.
INFO: [xilinx.com:ip:smartconnect:1.0-1] system_axi_hp1_interconnect_0: SmartConnect system_axi_hp1_interconnect_0 is in High-performance Mode.
xit::source_ipfile: Time (s): cpu = 00:00:11 ; elapsed = 00:00:11 . Memory (MB): peak = 2176.922 ; gain = 26.949
INFO: [xilinx.com:ip:clk_wiz:6.0-1] /sys_audio_clkgen clk_wiz propagate
INFO: [xilinx.com:ip:clk_wiz:6.0-1] /sys_audio_clkgen clk_wiz propagate
Wrote  : <C:\zedboard_adrv9002_project\src_HDL\adrv9001_zed.srcs\sources_1\bd\system\system.bd> 
Verilog Output written to : c:/zedboard_adrv9002_project/src_HDL/adrv9001_zed.gen/sources_1/bd/system/synth/system.v
Verilog Output written to : c:/zedboard_adrv9002_project/src_HDL/adrv9001_zed.gen/sources_1/bd/system/sim/system.v
Verilog Output written to : c:/zedboard_adrv9002_project/src_HDL/adrv9001_zed.gen/sources_1/bd/system/hdl/system_wrapper.v
INFO: [IP_Flow 19-5611] Unable to find an associated reset port for the interface 'DMA0_REQ'. A default connection has been created.
INFO: [IP_Flow 19-5611] Unable to find an associated reset port for the interface 'DMA0_ACK'. A default connection has been created.
INFO: [IP_Flow 19-5611] Unable to find an associated reset port for the interface 'DMA1_REQ'. A default connection has been created.
INFO: [IP_Flow 19-5611] Unable to find an associated reset port for the interface 'DMA1_ACK'. A default connection has been created.
INFO: [IP_Flow 19-5611] Unable to find an associated reset port for the interface 'DMA2_REQ'. A default connection has been created.
INFO: [IP_Flow 19-5611] Unable to find an associated reset port for the interface 'DMA2_ACK'. A default connection has been created.
INFO: [IP_Flow 19-5611] Unable to find an associated reset port for the interface 'M_AXI_GP0'. A default connection has been created.
INFO: [IP_Flow 19-5611] Unable to find an associated reset port for the interface 'S_AXI_HP0'. A default connection has been created.
INFO: [IP_Flow 19-5611] Unable to find an associated reset port for the interface 'S_AXI_HP1'. A default connection has been created.
INFO: [BD 41-1029] Generation completed for the IP Integrator block sys_ps7 .
INFO: [BD 41-1029] Generation completed for the IP Integrator block axi_iic_main .
INFO: [BD 41-1029] Generation completed for the IP Integrator block sys_i2c_mixer .
INFO: [BD 41-1029] Generation completed for the IP Integrator block sys_concat_intc .
INFO: [BD 41-1029] Generation completed for the IP Integrator block sys_rstgen .
INFO: [BD 41-1029] Generation completed for the IP Integrator block sys_200m_rstgen .
INFO: [BD 41-1029] Generation completed for the IP Integrator block sys_logic_inv .
INFO: [BD 41-1029] Generation completed for the IP Integrator block axi_hdmi_clkgen .
INFO: [BD 41-1029] Generation completed for the IP Integrator block axi_hdmi_core .
INFO: [BD 41-1029] Generation completed for the IP Integrator block axi_hdmi_dma .
INFO: [BD 41-1029] Generation completed for the IP Integrator block sys_audio_clkgen .
INFO: [BD 41-1029] Generation completed for the IP Integrator block axi_spdif_tx_core .
INFO: [BD 41-1029] Generation completed for the IP Integrator block axi_i2s_adi .
INFO: [BD 41-1029] Generation completed for the IP Integrator block axi_iic_fmc .
INFO: [BD 41-1029] Generation completed for the IP Integrator block axi_sysid_0 .
INFO: [BD 41-1029] Generation completed for the IP Integrator block rom_sys_0 .
INFO: [BD 41-1029] Generation completed for the IP Integrator block GND_1 .
Exporting to file c:/zedboard_adrv9002_project/src_HDL/adrv9001_zed.gen/sources_1/bd/system/ip/system_axi_hp0_interconnect_0/bd_0/hw_handoff/system_axi_hp0_interconnect_0.hwh
Generated Hardware Definition File c:/zedboard_adrv9002_project/src_HDL/adrv9001_zed.gen/sources_1/bd/system/ip/system_axi_hp0_interconnect_0/bd_0/synth/system_axi_hp0_interconnect_0.hwdef
INFO: [BD 41-1029] Generation completed for the IP Integrator block axi_hp0_interconnect .
INFO: [BD 41-1029] Generation completed for the IP Integrator block axi_adrv9001 .
INFO: [BD 41-1029] Generation completed for the IP Integrator block axi_adrv9001_rx1_dma .
INFO: [BD 41-1029] Generation completed for the IP Integrator block util_adc_1_pack .
INFO: [BD 41-1029] Generation completed for the IP Integrator block axi_adrv9001_rx2_dma .
INFO: [BD 41-1029] Generation completed for the IP Integrator block util_adc_2_pack .
INFO: [BD 41-1029] Generation completed for the IP Integrator block axi_adrv9001_tx1_dma .
INFO: [BD 41-1029] Generation completed for the IP Integrator block util_dac_1_upack .
INFO: [BD 41-1029] Generation completed for the IP Integrator block axi_adrv9001_tx2_dma .
INFO: [BD 41-1029] Generation completed for the IP Integrator block util_dac_2_upack .
Exporting to file c:/zedboard_adrv9002_project/src_HDL/adrv9001_zed.gen/sources_1/bd/system/ip/system_axi_hp1_interconnect_0/bd_0/hw_handoff/system_axi_hp1_interconnect_0.hwh
Generated Hardware Definition File c:/zedboard_adrv9002_project/src_HDL/adrv9001_zed.gen/sources_1/bd/system/ip/system_axi_hp1_interconnect_0/bd_0/synth/system_axi_hp1_interconnect_0.hwdef
INFO: [BD 41-1029] Generation completed for the IP Integrator block axi_hp1_interconnect .
INFO: [BD 41-1029] Generation completed for the IP Integrator block axi_cpu_interconnect/xbar .
WARNING: [IP_Flow 19-4994] Overwriting existing constraint file 'c:/zedboard_adrv9002_project/src_HDL/adrv9001_zed.gen/sources_1/bd/system/ip/system_auto_pc_0/system_auto_pc_0_ooc.xdc'
INFO: [BD 41-1029] Generation completed for the IP Integrator block axi_cpu_interconnect/s00_couplers/auto_pc .
Exporting to file c:/zedboard_adrv9002_project/src_HDL/adrv9001_zed.gen/sources_1/bd/system/hw_handoff/system.hwh
Generated Hardware Definition File c:/zedboard_adrv9002_project/src_HDL/adrv9001_zed.gen/sources_1/bd/system/synth/system.hwdef
generate_target: Time (s): cpu = 00:01:04 ; elapsed = 00:01:18 . Memory (MB): peak = 2332.117 ; gain = 226.164
catch { config_ip_cache -export [get_ips -all system_axi_iic_main_0] }
INFO: [IP_Flow 19-6924] IPCACHE: Running cache check for IP inst: system_axi_iic_main_0
catch { config_ip_cache -export [get_ips -all system_sys_i2c_mixer_0] }
INFO: [IP_Flow 19-6924] IPCACHE: Running cache check for IP inst: system_sys_i2c_mixer_0
catch { config_ip_cache -export [get_ips -all system_sys_rstgen_0] }
INFO: [IP_Flow 19-6924] IPCACHE: Running cache check for IP inst: system_sys_rstgen_0
catch { config_ip_cache -export [get_ips -all system_sys_200m_rstgen_0] }
INFO: [IP_Flow 19-6924] IPCACHE: Running cache check for IP inst: system_sys_200m_rstgen_0
catch { config_ip_cache -export [get_ips -all system_sys_logic_inv_0] }
INFO: [IP_Flow 19-6924] IPCACHE: Running cache check for IP inst: system_sys_logic_inv_0
catch { config_ip_cache -export [get_ips -all system_axi_hdmi_clkgen_0] }
INFO: [IP_Flow 19-6924] IPCACHE: Running cache check for IP inst: system_axi_hdmi_clkgen_0
catch { config_ip_cache -export [get_ips -all system_axi_hdmi_core_0] }
INFO: [IP_Flow 19-6924] IPCACHE: Running cache check for IP inst: system_axi_hdmi_core_0
catch { config_ip_cache -export [get_ips -all system_axi_hdmi_dma_0] }
INFO: [IP_Flow 19-6924] IPCACHE: Running cache check for IP inst: system_axi_hdmi_dma_0
catch { config_ip_cache -export [get_ips -all system_sys_audio_clkgen_0] }
INFO: [IP_Flow 19-6924] IPCACHE: Running cache check for IP inst: system_sys_audio_clkgen_0
catch { config_ip_cache -export [get_ips -all system_axi_spdif_tx_core_0] }
INFO: [IP_Flow 19-6924] IPCACHE: Running cache check for IP inst: system_axi_spdif_tx_core_0
catch { config_ip_cache -export [get_ips -all system_axi_i2s_adi_0] }
INFO: [IP_Flow 19-6924] IPCACHE: Running cache check for IP inst: system_axi_i2s_adi_0
catch { config_ip_cache -export [get_ips -all system_axi_iic_fmc_0] }
INFO: [IP_Flow 19-6924] IPCACHE: Running cache check for IP inst: system_axi_iic_fmc_0
catch { config_ip_cache -export [get_ips -all system_axi_sysid_0_0] }
INFO: [IP_Flow 19-6924] IPCACHE: Running cache check for IP inst: system_axi_sysid_0_0
catch { config_ip_cache -export [get_ips -all system_rom_sys_0_0] }
INFO: [IP_Flow 19-6924] IPCACHE: Running cache check for IP inst: system_rom_sys_0_0
catch { config_ip_cache -export [get_ips -all system_axi_hp0_interconnect_0] }
INFO: [IP_Flow 19-6924] IPCACHE: Running cache check for IP inst: system_axi_hp0_interconnect_0
catch { config_ip_cache -export [get_ips -all system_axi_adrv9001_0] }
INFO: [IP_Flow 19-6924] IPCACHE: Running cache check for IP inst: system_axi_adrv9001_0
catch { config_ip_cache -export [get_ips -all system_axi_adrv9001_rx1_dma_0] }
INFO: [IP_Flow 19-6924] IPCACHE: Running cache check for IP inst: system_axi_adrv9001_rx1_dma_0
catch { config_ip_cache -export [get_ips -all system_util_adc_1_pack_0] }
INFO: [IP_Flow 19-6924] IPCACHE: Running cache check for IP inst: system_util_adc_1_pack_0
catch { config_ip_cache -export [get_ips -all system_axi_adrv9001_rx2_dma_0] }
INFO: [IP_Flow 19-6924] IPCACHE: Running cache check for IP inst: system_axi_adrv9001_rx2_dma_0
catch { config_ip_cache -export [get_ips -all system_util_adc_2_pack_0] }
INFO: [IP_Flow 19-6924] IPCACHE: Running cache check for IP inst: system_util_adc_2_pack_0
catch { config_ip_cache -export [get_ips -all system_axi_adrv9001_tx1_dma_0] }
INFO: [IP_Flow 19-6924] IPCACHE: Running cache check for IP inst: system_axi_adrv9001_tx1_dma_0
catch { config_ip_cache -export [get_ips -all system_util_dac_1_upack_0] }
INFO: [IP_Flow 19-6924] IPCACHE: Running cache check for IP inst: system_util_dac_1_upack_0
catch { config_ip_cache -export [get_ips -all system_axi_adrv9001_tx2_dma_0] }
INFO: [IP_Flow 19-6924] IPCACHE: Running cache check for IP inst: system_axi_adrv9001_tx2_dma_0
catch { config_ip_cache -export [get_ips -all system_util_dac_2_upack_0] }
INFO: [IP_Flow 19-6924] IPCACHE: Running cache check for IP inst: system_util_dac_2_upack_0
catch { config_ip_cache -export [get_ips -all system_axi_hp1_interconnect_0] }
INFO: [IP_Flow 19-6924] IPCACHE: Running cache check for IP inst: system_axi_hp1_interconnect_0
catch { config_ip_cache -export [get_ips -all system_xbar_0] }
INFO: [IP_Flow 19-6924] IPCACHE: Running cache check for IP inst: system_xbar_0
catch { config_ip_cache -export [get_ips -all system_auto_pc_0] }
INFO: [IP_Flow 19-6924] IPCACHE: Running cache check for IP inst: system_auto_pc_0
export_ip_user_files -of_objects [get_files C:/zedboard_adrv9002_project/src_HDL/adrv9001_zed.srcs/sources_1/bd/system/system.bd] -no_script -sync -force -quiet
create_ip_run [get_files -of_objects [get_fileset sources_1] C:/zedboard_adrv9002_project/src_HDL/adrv9001_zed.srcs/sources_1/bd/system/system.bd]
launch_runs system_auto_pc_0_synth_1 system_axi_adrv9001_0_synth_1 system_axi_adrv9001_rx1_dma_0_synth_1 system_axi_adrv9001_rx2_dma_0_synth_1 system_axi_adrv9001_tx1_dma_0_synth_1 system_axi_adrv9001_tx2_dma_0_synth_1 system_axi_hdmi_clkgen_0_synth_1 system_axi_hdmi_core_0_synth_1 system_axi_hdmi_dma_0_synth_1 system_axi_hp0_interconnect_0_synth_1 system_axi_hp1_interconnect_0_synth_1 system_axi_i2s_adi_0_synth_1 system_axi_iic_fmc_0_synth_1 system_axi_iic_main_0_synth_1 system_axi_spdif_tx_core_0_synth_1 system_axi_sysid_0_0_synth_1 system_rom_sys_0_0_synth_1 system_sys_200m_rstgen_0_synth_1 system_sys_audio_clkgen_0_synth_1 system_sys_i2c_mixer_0_synth_1 system_sys_logic_inv_0_synth_1 system_sys_ps7_0_synth_1 system_sys_rstgen_0_synth_1 system_util_adc_1_pack_0_synth_1 system_util_adc_2_pack_0_synth_1 system_util_dac_1_upack_0_synth_1 system_util_dac_2_upack_0_synth_1 system_xbar_0_synth_1 -jobs 4
INFO: [IP_Flow 19-6924] IPCACHE: Running cache check for IP inst: system_auto_pc_0
INFO: [IP_Flow 19-6924] IPCACHE: Running cache check for IP inst: system_axi_adrv9001_0
INFO: [IP_Flow 19-6924] IPCACHE: Running cache check for IP inst: system_axi_adrv9001_rx1_dma_0
INFO: [IP_Flow 19-6924] IPCACHE: Running cache check for IP inst: system_axi_adrv9001_rx2_dma_0
INFO: [IP_Flow 19-6924] IPCACHE: Running cache check for IP inst: system_axi_adrv9001_tx1_dma_0
INFO: [IP_Flow 19-6924] IPCACHE: Running cache check for IP inst: system_axi_adrv9001_tx2_dma_0
INFO: [IP_Flow 19-6924] IPCACHE: Running cache check for IP inst: system_axi_hdmi_clkgen_0
INFO: [IP_Flow 19-6924] IPCACHE: Running cache check for IP inst: system_axi_hdmi_core_0
INFO: [IP_Flow 19-6924] IPCACHE: Running cache check for IP inst: system_axi_hdmi_dma_0
INFO: [IP_Flow 19-6924] IPCACHE: Running cache check for IP inst: system_axi_hp0_interconnect_0
INFO: [IP_Flow 19-6924] IPCACHE: Running cache check for IP inst: system_axi_hp1_interconnect_0
INFO: [IP_Flow 19-6924] IPCACHE: Running cache check for IP inst: system_axi_i2s_adi_0
INFO: [IP_Flow 19-6924] IPCACHE: Running cache check for IP inst: system_axi_iic_fmc_0
INFO: [IP_Flow 19-6924] IPCACHE: Running cache check for IP inst: system_axi_iic_main_0
INFO: [IP_Flow 19-6924] IPCACHE: Running cache check for IP inst: system_axi_spdif_tx_core_0
INFO: [IP_Flow 19-6924] IPCACHE: Running cache check for IP inst: system_axi_sysid_0_0
INFO: [IP_Flow 19-6924] IPCACHE: Running cache check for IP inst: system_rom_sys_0_0
INFO: [IP_Flow 19-6924] IPCACHE: Running cache check for IP inst: system_sys_200m_rstgen_0
INFO: [IP_Flow 19-6924] IPCACHE: Running cache check for IP inst: system_sys_audio_clkgen_0
INFO: [IP_Flow 19-6924] IPCACHE: Running cache check for IP inst: system_sys_i2c_mixer_0
INFO: [IP_Flow 19-6924] IPCACHE: Running cache check for IP inst: system_sys_logic_inv_0
INFO: [IP_Flow 19-6924] IPCACHE: Running cache check for IP inst: system_sys_rstgen_0
INFO: [IP_Flow 19-6924] IPCACHE: Running cache check for IP inst: system_util_adc_1_pack_0
INFO: [IP_Flow 19-6924] IPCACHE: Running cache check for IP inst: system_util_adc_2_pack_0
INFO: [IP_Flow 19-6924] IPCACHE: Running cache check for IP inst: system_util_dac_1_upack_0
INFO: [IP_Flow 19-6924] IPCACHE: Running cache check for IP inst: system_util_dac_2_upack_0
INFO: [IP_Flow 19-6924] IPCACHE: Running cache check for IP inst: system_xbar_0
[Mon Mar 11 00:18:08 2024] Launched system_auto_pc_0_synth_1, system_axi_adrv9001_0_synth_1, system_axi_adrv9001_rx1_dma_0_synth_1, system_axi_adrv9001_rx2_dma_0_synth_1, system_axi_adrv9001_tx1_dma_0_synth_1, system_axi_adrv9001_tx2_dma_0_synth_1, system_axi_hdmi_clkgen_0_synth_1, system_axi_hdmi_core_0_synth_1, system_axi_hdmi_dma_0_synth_1, system_axi_hp0_interconnect_0_synth_1, system_axi_hp1_interconnect_0_synth_1, system_axi_i2s_adi_0_synth_1, system_axi_iic_fmc_0_synth_1, system_axi_iic_main_0_synth_1, system_axi_spdif_tx_core_0_synth_1, system_axi_sysid_0_0_synth_1, system_rom_sys_0_0_synth_1, system_sys_200m_rstgen_0_synth_1, system_sys_audio_clkgen_0_synth_1, system_sys_i2c_mixer_0_synth_1, system_sys_logic_inv_0_synth_1, system_sys_ps7_0_synth_1, system_sys_rstgen_0_synth_1, system_util_adc_1_pack_0_synth_1, system_util_adc_2_pack_0_synth_1, system_util_dac_1_upack_0_synth_1, system_util_dac_2_upack_0_synth_1, system_xbar_0_synth_1...
Run output will be captured here:
system_auto_pc_0_synth_1: C:/zedboard_adrv9002_project/src_HDL/adrv9001_zed.runs/system_auto_pc_0_synth_1/runme.log
system_axi_adrv9001_0_synth_1: C:/zedboard_adrv9002_project/src_HDL/adrv9001_zed.runs/system_axi_adrv9001_0_synth_1/runme.log
system_axi_adrv9001_rx1_dma_0_synth_1: C:/zedboard_adrv9002_project/src_HDL/adrv9001_zed.runs/system_axi_adrv9001_rx1_dma_0_synth_1/runme.log
system_axi_adrv9001_rx2_dma_0_synth_1: C:/zedboard_adrv9002_project/src_HDL/adrv9001_zed.runs/system_axi_adrv9001_rx2_dma_0_synth_1/runme.log
system_axi_adrv9001_tx1_dma_0_synth_1: C:/zedboard_adrv9002_project/src_HDL/adrv9001_zed.runs/system_axi_adrv9001_tx1_dma_0_synth_1/runme.log
system_axi_adrv9001_tx2_dma_0_synth_1: C:/zedboard_adrv9002_project/src_HDL/adrv9001_zed.runs/system_axi_adrv9001_tx2_dma_0_synth_1/runme.log
system_axi_hdmi_clkgen_0_synth_1: C:/zedboard_adrv9002_project/src_HDL/adrv9001_zed.runs/system_axi_hdmi_clkgen_0_synth_1/runme.log
system_axi_hdmi_core_0_synth_1: C:/zedboard_adrv9002_project/src_HDL/adrv9001_zed.runs/system_axi_hdmi_core_0_synth_1/runme.log
system_axi_hdmi_dma_0_synth_1: C:/zedboard_adrv9002_project/src_HDL/adrv9001_zed.runs/system_axi_hdmi_dma_0_synth_1/runme.log
system_axi_hp0_interconnect_0_synth_1: C:/zedboard_adrv9002_project/src_HDL/adrv9001_zed.runs/system_axi_hp0_interconnect_0_synth_1/runme.log
system_axi_hp1_interconnect_0_synth_1: C:/zedboard_adrv9002_project/src_HDL/adrv9001_zed.runs/system_axi_hp1_interconnect_0_synth_1/runme.log
system_axi_i2s_adi_0_synth_1: C:/zedboard_adrv9002_project/src_HDL/adrv9001_zed.runs/system_axi_i2s_adi_0_synth_1/runme.log
system_axi_iic_fmc_0_synth_1: C:/zedboard_adrv9002_project/src_HDL/adrv9001_zed.runs/system_axi_iic_fmc_0_synth_1/runme.log
system_axi_iic_main_0_synth_1: C:/zedboard_adrv9002_project/src_HDL/adrv9001_zed.runs/system_axi_iic_main_0_synth_1/runme.log
system_axi_spdif_tx_core_0_synth_1: C:/zedboard_adrv9002_project/src_HDL/adrv9001_zed.runs/system_axi_spdif_tx_core_0_synth_1/runme.log
system_axi_sysid_0_0_synth_1: C:/zedboard_adrv9002_project/src_HDL/adrv9001_zed.runs/system_axi_sysid_0_0_synth_1/runme.log
system_rom_sys_0_0_synth_1: C:/zedboard_adrv9002_project/src_HDL/adrv9001_zed.runs/system_rom_sys_0_0_synth_1/runme.log
system_sys_200m_rstgen_0_synth_1: C:/zedboard_adrv9002_project/src_HDL/adrv9001_zed.runs/system_sys_200m_rstgen_0_synth_1/runme.log
system_sys_audio_clkgen_0_synth_1: C:/zedboard_adrv9002_project/src_HDL/adrv9001_zed.runs/system_sys_audio_clkgen_0_synth_1/runme.log
system_sys_i2c_mixer_0_synth_1: C:/zedboard_adrv9002_project/src_HDL/adrv9001_zed.runs/system_sys_i2c_mixer_0_synth_1/runme.log
system_sys_logic_inv_0_synth_1: C:/zedboard_adrv9002_project/src_HDL/adrv9001_zed.runs/system_sys_logic_inv_0_synth_1/runme.log
system_sys_ps7_0_synth_1: C:/zedboard_adrv9002_project/src_HDL/adrv9001_zed.runs/system_sys_ps7_0_synth_1/runme.log
system_sys_rstgen_0_synth_1: C:/zedboard_adrv9002_project/src_HDL/adrv9001_zed.runs/system_sys_rstgen_0_synth_1/runme.log
system_util_adc_1_pack_0_synth_1: C:/zedboard_adrv9002_project/src_HDL/adrv9001_zed.runs/system_util_adc_1_pack_0_synth_1/runme.log
system_util_adc_2_pack_0_synth_1: C:/zedboard_adrv9002_project/src_HDL/adrv9001_zed.runs/system_util_adc_2_pack_0_synth_1/runme.log
system_util_dac_1_upack_0_synth_1: C:/zedboard_adrv9002_project/src_HDL/adrv9001_zed.runs/system_util_dac_1_upack_0_synth_1/runme.log
system_util_dac_2_upack_0_synth_1: C:/zedboard_adrv9002_project/src_HDL/adrv9001_zed.runs/system_util_dac_2_upack_0_synth_1/runme.log
system_xbar_0_synth_1: C:/zedboard_adrv9002_project/src_HDL/adrv9001_zed.runs/system_xbar_0_synth_1/runme.log
launch_runs: Time (s): cpu = 00:00:07 ; elapsed = 00:00:10 . Memory (MB): peak = 2341.816 ; gain = 9.699
export_simulation -of_objects [get_files C:/zedboard_adrv9002_project/src_HDL/adrv9001_zed.srcs/sources_1/bd/system/system.bd] -directory C:/zedboard_adrv9002_project/src_HDL/adrv9001_zed.ip_user_files/sim_scripts -ip_user_files_dir C:/zedboard_adrv9002_project/src_HDL/adrv9001_zed.ip_user_files -ipstatic_source_dir C:/zedboard_adrv9002_project/src_HDL/adrv9001_zed.ip_user_files/ipstatic -lib_map_path [list {modelsim=C:/zedboard_adrv9002_project/src_HDL/adrv9001_zed.cache/compile_simlib/modelsim} {questa=C:/zedboard_adrv9002_project/src_HDL/adrv9001_zed.cache/compile_simlib/questa} {riviera=C:/zedboard_adrv9002_project/src_HDL/adrv9001_zed.cache/compile_simlib/riviera} {activehdl=C:/zedboard_adrv9002_project/src_HDL/adrv9001_zed.cache/compile_simlib/activehdl}] -use_ip_compiled_libs -force -quiet
launch_runs impl_1 -to_step write_bitstream -jobs 4
[Mon Mar 11 00:32:12 2024] Launched synth_1...
Run output will be captured here: C:/zedboard_adrv9002_project/src_HDL/adrv9001_zed.runs/synth_1/runme.log
[Mon Mar 11 00:32:12 2024] Launched impl_1...
Run output will be captured here: C:/zedboard_adrv9002_project/src_HDL/adrv9001_zed.runs/impl_1/runme.log
report_ip_status -name ip_status 
write_hw_platform -fixed -include_bit -force -file C:/zedboard_adrv9002_project/src_HDL/system_top.xsa
INFO: [Project 1-1918] Creating Hardware Platform: C:/zedboard_adrv9002_project/src_HDL/system_top.xsa ...
INFO: [Project 1-1943] The Hardware Platform can be used for Hardware
INFO: [Project 1-1941] Successfully created Hardware Platform: C:/zedboard_adrv9002_project/src_HDL/system_top.xsa
INFO: [Hsi 55-2053] elapsed time for repository (C:/Xilinx/Vivado/2023.2/data/embeddedsw) loading 2 seconds
write_hw_platform: Time (s): cpu = 00:00:05 ; elapsed = 00:00:06 . Memory (MB): peak = 2571.008 ; gain = 141.023
exit
INFO: [Common 17-206] Exiting Vivado at Mon Mar 11 00:43:55 2024...
